2021-10-18 09:23:15,839 INFO com.ibcs.tnl.TnlApplication [restartedMain] Starting TnlApplication using Java 11.0.11 on ibcsdev17 with PID 15240 (D:\project\IBCS\IBCS-TNL\tnl\target\classes started by Intern in D:\project\IBCS\IBCS-TNL\tnl)
2021-10-18 09:23:15,845 DEBUG com.ibcs.tnl.TnlApplication [restartedMain] Running with Spring Boot v2.5.5, Spring v5.3.10
2021-10-18 09:23:15,845 INFO com.ibcs.tnl.TnlApplication [restartedMain] No active profile set, falling back to default profiles: default
2021-10-18 09:23:24,422 INFO com.ibcs.tnl.TnlApplication [restartedMain] Started TnlApplication in 9.186 seconds (JVM running for 11.826)
2021-10-18 09:27:46,902 TRACE com.ibcs.tnl.api.LeaveAppApi [http-nio-8080-exec-1] Okay from findByIdWithemp 
2021-10-18 09:27:46,904 TRACE com.ibcs.tnl.api.LeaveAppApi [http-nio-8080-exec-1]  findLeaveAppWithEmp executed from service
2021-10-18 09:34:08,210 TRACE com.ibcs.tnl.api.LeaveAppApi [http-nio-8080-exec-3] Okay from findByIdWithemp 
2021-10-18 09:34:08,211 TRACE com.ibcs.tnl.api.LeaveAppApi [http-nio-8080-exec-3]  findLeaveAppWithEmp executed from service
2021-10-18 09:34:11,822 TRACE com.ibcs.tnl.api.LeaveAppApi [http-nio-8080-exec-4] Okay from findByIdWithemp 
2021-10-18 09:34:11,822 TRACE com.ibcs.tnl.api.LeaveAppApi [http-nio-8080-exec-4]  findLeaveAppWithEmp executed from service
2021-10-18 09:34:46,845 TRACE com.ibcs.tnl.api.LeaveAppApi [http-nio-8080-exec-5] Okay from findByIdWithemp 
2021-10-18 09:34:46,845 TRACE com.ibcs.tnl.api.LeaveAppApi [http-nio-8080-exec-5]  findLeaveAppWithEmp executed from service
2021-10-18 09:34:47,819 TRACE com.ibcs.tnl.api.LeaveAppApi [http-nio-8080-exec-6] Okay from findByIdWithemp 
2021-10-18 09:34:47,819 TRACE com.ibcs.tnl.api.LeaveAppApi [http-nio-8080-exec-6]  findLeaveAppWithEmp executed from service
2021-10-18 09:34:48,624 TRACE com.ibcs.tnl.api.LeaveAppApi [http-nio-8080-exec-7] Okay from findByIdWithemp 
2021-10-18 09:34:48,624 TRACE com.ibcs.tnl.api.LeaveAppApi [http-nio-8080-exec-7]  findLeaveAppWithEmp executed from service
2021-10-18 09:34:49,575 TRACE com.ibcs.tnl.api.LeaveAppApi [http-nio-8080-exec-8] Okay from findByIdWithemp 
2021-10-18 09:34:49,576 TRACE com.ibcs.tnl.api.LeaveAppApi [http-nio-8080-exec-8]  findLeaveAppWithEmp executed from service
2021-10-18 09:34:50,473 TRACE com.ibcs.tnl.api.LeaveAppApi [http-nio-8080-exec-9] Okay from findByIdWithemp 
2021-10-18 09:34:50,473 TRACE com.ibcs.tnl.api.LeaveAppApi [http-nio-8080-exec-9]  findLeaveAppWithEmp executed from service
2021-10-18 09:38:48,607 TRACE com.ibcs.tnl.api.LeaveAppApi [http-nio-8080-exec-1] Okay from findByIdWithemp 
2021-10-18 09:38:48,607 TRACE com.ibcs.tnl.api.LeaveAppApi [http-nio-8080-exec-1]  findLeaveAppWithEmp executed from service
2021-10-18 09:41:59,691 TRACE com.ibcs.tnl.api.LeaveAppApi [http-nio-8080-exec-3] Okay from findByIdWithemp 
2021-10-18 09:41:59,691 TRACE com.ibcs.tnl.api.LeaveAppApi [http-nio-8080-exec-3]  findLeaveAppWithEmp executed from service
2021-10-18 09:41:59,694 TRACE com.ibcs.tnl.api.LeaveAppApi [http-nio-8080-exec-3] id not found
2021-10-18 09:42:08,047 TRACE com.ibcs.tnl.api.LeaveAppApi [http-nio-8080-exec-4] Okay from findByIdWithemp 
2021-10-18 09:42:08,048 TRACE com.ibcs.tnl.api.LeaveAppApi [http-nio-8080-exec-4]  findLeaveAppWithEmp executed from service
2021-10-18 09:42:08,052 TRACE com.ibcs.tnl.api.LeaveAppApi [http-nio-8080-exec-4] id not found
2021-10-18 09:42:57,123 TRACE com.ibcs.tnl.api.LeaveAppApi [http-nio-8080-exec-5] Okay from findByIdWithemp 
2021-10-18 09:42:57,123 TRACE com.ibcs.tnl.api.LeaveAppApi [http-nio-8080-exec-5]  findLeaveAppWithEmp executed from service
2021-10-18 09:48:40,834 INFO com.ibcs.tnl.TnlApplication [restartedMain] Starting TnlApplication using Java 11.0.11 on ibcsdev17 with PID 4020 (D:\project\IBCS\IBCS-TNL\tnl\target\classes started by Intern in D:\project\IBCS\IBCS-TNL\tnl)
2021-10-18 09:48:40,837 DEBUG com.ibcs.tnl.TnlApplication [restartedMain] Running with Spring Boot v2.5.5, Spring v5.3.10
2021-10-18 09:48:40,837 INFO com.ibcs.tnl.TnlApplication [restartedMain] No active profile set, falling back to default profiles: default
2021-10-18 09:48:47,374 INFO com.ibcs.tnl.TnlApplication [restartedMain] Started TnlApplication in 7.47 seconds (JVM running for 10.442)
2021-10-18 09:53:00,053 TRACE com.ibcs.tnl.api.LeaveAppApi [http-nio-8080-exec-1] Okay from findByIdWithemp 
2021-10-18 09:53:00,054 TRACE com.ibcs.tnl.api.LeaveAppApi [http-nio-8080-exec-1]  findLeaveAppWithEmp executed from service
2021-10-18 10:42:58,086 INFO com.ibcs.tnl.TnlApplication [restartedMain] Starting TnlApplication using Java 11.0.11 on ibcsdev17 with PID 13364 (D:\project\IBCS\IBCS-TNL\tnl\target\classes started by Intern in D:\project\IBCS\IBCS-TNL\tnl)
2021-10-18 10:42:58,089 DEBUG com.ibcs.tnl.TnlApplication [restartedMain] Running with Spring Boot v2.5.5, Spring v5.3.10
2021-10-18 10:42:58,089 INFO com.ibcs.tnl.TnlApplication [restartedMain] No active profile set, falling back to default profiles: default
2021-10-18 10:43:06,453 INFO com.ibcs.tnl.TnlApplication [restartedMain] Started TnlApplication in 9.329 seconds (JVM running for 12.26)
