2021-11-04 12:22:30,269 INFO com.ibcs.tnl.TnlApplication [restartedMain] Starting TnlApplication using Java 11.0.11 on ibcsdev17 with PID 1320 (D:\project\IBCS\IBCS-TNL\tnl\target\classes started by Intern in D:\project\IBCS\IBCS-TNL\tnl)
2021-11-04 12:22:30,276 DEBUG com.ibcs.tnl.TnlApplication [restartedMain] Running with Spring Boot v2.5.5, Spring v5.3.10
2021-11-04 12:22:30,276 INFO com.ibcs.tnl.TnlApplication [restartedMain] No active profile set, falling back to default profiles: default
2021-11-04 12:22:42,568 INFO com.ibcs.tnl.TnlApplication [restartedMain] Started TnlApplication in 13.588 seconds (JVM running for 17.477)
2021-11-04 12:24:47,840 TRACE com.ibcs.tnl.api.LeaveAppApi [http-nio-8080-exec-1] Okay from findByIdWithemp 
2021-11-04 12:24:47,841 TRACE com.ibcs.tnl.api.LeaveAppApi [http-nio-8080-exec-1]  findLeaveAppWithEmp executed from service
2021-11-04 12:57:07,505 TRACE com.ibcs.tnl.api.LeaveAppApi [http-nio-8080-exec-3] find all executed from service
2021-11-04 13:10:06,321 INFO com.ibcs.tnl.TnlApplication [restartedMain] Starting TnlApplication using Java 11.0.11 on ibcsdev17 with PID 17704 (D:\project\IBCS\IBCS-TNL\tnl\target\classes started by Intern in D:\project\IBCS\IBCS-TNL\tnl)
2021-11-04 13:10:06,324 DEBUG com.ibcs.tnl.TnlApplication [restartedMain] Running with Spring Boot v2.5.5, Spring v5.3.10
2021-11-04 13:10:06,324 INFO com.ibcs.tnl.TnlApplication [restartedMain] No active profile set, falling back to default profiles: default
2021-11-04 13:10:16,758 INFO com.ibcs.tnl.TnlApplication [restartedMain] Started TnlApplication in 11.247 seconds (JVM running for 14.359)
2021-11-04 14:10:01,957 TRACE com.ibcs.tnl.api.LeaveAppApi [http-nio-8080-exec-1] find all executed from service
2021-11-04 14:24:59,789 TRACE com.ibcs.tnl.api.LeaveAppApi [http-nio-8080-exec-3] find all executed from service
2021-11-04 14:28:57,014 TRACE com.ibcs.tnl.api.LeaveAppApi [http-nio-8080-exec-5] find all executed from service
2021-11-04 14:29:00,211 TRACE com.ibcs.tnl.api.LeaveAppApi [http-nio-8080-exec-6] find all executed from service
2021-11-04 14:29:01,080 TRACE com.ibcs.tnl.api.LeaveAppApi [http-nio-8080-exec-7] find all executed from service
2021-11-04 14:29:28,014 TRACE com.ibcs.tnl.api.LeaveAppApi [http-nio-8080-exec-8] find all executed from service
2021-11-04 14:31:19,187 TRACE com.ibcs.tnl.api.LeaveAppApi [http-nio-8080-exec-10] find all executed from service
2021-11-04 14:31:20,090 TRACE com.ibcs.tnl.api.LeaveAppApi [http-nio-8080-exec-1] find all executed from service
2021-11-04 14:31:22,132 TRACE com.ibcs.tnl.api.LeaveAppApi [http-nio-8080-exec-2] find all executed from service
2021-11-04 14:31:23,080 TRACE com.ibcs.tnl.api.LeaveAppApi [http-nio-8080-exec-3] find all executed from service
2021-11-04 14:31:26,101 TRACE com.ibcs.tnl.api.LeaveAppApi [http-nio-8080-exec-4] find all executed from service
2021-11-04 14:31:36,030 TRACE com.ibcs.tnl.api.LeaveAppApi [http-nio-8080-exec-5] find all executed from service
2021-11-04 14:32:20,148 TRACE com.ibcs.tnl.api.LeaveAppApi [http-nio-8080-exec-6] find all executed from service
2021-11-04 14:32:21,057 TRACE com.ibcs.tnl.api.LeaveAppApi [http-nio-8080-exec-7] find all executed from service
2021-11-04 14:32:23,104 TRACE com.ibcs.tnl.api.LeaveAppApi [http-nio-8080-exec-8] find all executed from service
2021-11-04 14:32:26,064 TRACE com.ibcs.tnl.api.LeaveAppApi [http-nio-8080-exec-9] find all executed from service
2021-11-04 14:34:32,851 TRACE com.ibcs.tnl.api.LeaveAppApi [http-nio-8080-exec-1] find all executed from service
2021-11-04 14:34:55,827 TRACE com.ibcs.tnl.api.LeaveAppApi [http-nio-8080-exec-2] find all executed from service
2021-11-04 14:34:56,227 TRACE com.ibcs.tnl.api.LeaveAppApi [http-nio-8080-exec-3] find all executed from service
2021-11-04 14:35:06,044 TRACE com.ibcs.tnl.api.LeaveAppApi [http-nio-8080-exec-4] find all executed from service
2021-11-04 14:35:10,041 TRACE com.ibcs.tnl.api.LeaveAppApi [http-nio-8080-exec-5] find all executed from service
2021-11-04 14:35:28,012 TRACE com.ibcs.tnl.api.LeaveAppApi [http-nio-8080-exec-6] find all executed from service
2021-11-04 14:35:51,090 TRACE com.ibcs.tnl.api.LeaveAppApi [http-nio-8080-exec-7] find all executed from service
2021-11-04 15:12:56,894 TRACE com.ibcs.tnl.api.LeaveTypeApi [http-nio-8080-exec-9] get all executed
2021-11-04 15:12:56,950 TRACE com.ibcs.tnl.service.LeaveTypeService [http-nio-8080-exec-9]  getAll executed
2021-11-04 15:23:38,000 TRACE com.ibcs.tnl.api.LeaveAppApi [http-nio-8080-exec-1] find all executed from service
2021-11-04 15:24:17,793 TRACE com.ibcs.tnl.api.LeaveAppApi [http-nio-8080-exec-2] find all executed from service
2021-11-04 15:24:57,216 TRACE com.ibcs.tnl.api.LeaveAppApi [http-nio-8080-exec-3] find all executed from service
2021-11-04 15:24:59,008 TRACE com.ibcs.tnl.api.LeaveAppApi [http-nio-8080-exec-4] find all executed from service
2021-11-04 15:25:09,417 TRACE com.ibcs.tnl.api.LeaveAppApi [http-nio-8080-exec-5] find all executed from service
2021-11-04 15:25:16,014 TRACE com.ibcs.tnl.api.LeaveAppApi [http-nio-8080-exec-6] find all executed from service
2021-11-04 15:32:20,793 INFO com.ibcs.tnl.TnlApplication [restartedMain] Starting TnlApplication using Java 11.0.11 on ibcsdev17 with PID 2328 (D:\project\IBCS\IBCS-TNL\tnl\target\classes started by Intern in D:\project\IBCS\IBCS-TNL\tnl)
2021-11-04 15:32:20,795 DEBUG com.ibcs.tnl.TnlApplication [restartedMain] Running with Spring Boot v2.5.5, Spring v5.3.10
2021-11-04 15:32:20,796 INFO com.ibcs.tnl.TnlApplication [restartedMain] No active profile set, falling back to default profiles: default
