2021-11-09 10:26:36,062 INFO com.ibcs.hr.HrApplication [restartedMain] Starting HrApplication using Java 11.0.11 on ibcsdev17 with PID 13632 (D:\project\IBCS\IBCS-TNL\hr\target\classes started by Intern in D:\project\IBCS\IBCS-TNL\hr)
2021-11-09 10:26:36,088 DEBUG com.ibcs.hr.HrApplication [restartedMain] Running with Spring Boot v2.5.5, Spring v5.3.10
2021-11-09 10:26:36,088 INFO com.ibcs.hr.HrApplication [restartedMain] No active profile set, falling back to default profiles: default
2021-11-09 10:26:45,724 INFO com.ibcs.hr.HrApplication [restartedMain] Started HrApplication in 10.747 seconds (JVM running for 16.91)
2021-11-09 10:53:24,340 INFO com.ibcs.hr.HrApplication [restartedMain] Starting HrApplication using Java 11.0.11 on ibcsdev17 with PID 9408 (D:\project\IBCS\IBCS-TNL\hr\target\classes started by Intern in D:\project\IBCS\IBCS-TNL\hr)
2021-11-09 10:53:24,347 DEBUG com.ibcs.hr.HrApplication [restartedMain] Running with Spring Boot v2.5.5, Spring v5.3.10
2021-11-09 10:53:24,348 INFO com.ibcs.hr.HrApplication [restartedMain] No active profile set, falling back to default profiles: default
2021-11-09 10:53:32,506 INFO com.ibcs.hr.HrApplication [restartedMain] Started HrApplication in 8.859 seconds (JVM running for 12.524)
2021-11-09 11:37:50,953 TRACE com.ibcs.hr.api.EmpApi [http-nio-9090-exec-7] getOne executed from api
2021-11-09 11:37:51,070 TRACE com.ibcs.hr.service.EmpService [http-nio-9090-exec-7] findById executed
2021-11-09 11:37:55,433 TRACE com.ibcs.hr.service.EmpService [http-nio-9090-exec-7] id not found
2021-11-09 13:43:13,026 TRACE com.ibcs.hr.api.EmpApi [http-nio-9090-exec-9] getAll executed from api
2021-11-09 13:43:16,851 TRACE com.ibcs.hr.api.EmpApi [http-nio-9090-exec-10] getAll executed from api
2021-11-09 13:46:25,064 TRACE com.ibcs.hr.api.EmpApi [http-nio-9090-exec-2] getAll executed from api
2021-11-09 13:46:42,307 TRACE com.ibcs.hr.api.EmpApi [http-nio-9090-exec-3] getAll executed from api
2021-11-09 13:46:44,276 TRACE com.ibcs.hr.api.EmpApi [http-nio-9090-exec-4] getOne executed from api
2021-11-09 13:46:44,276 TRACE com.ibcs.hr.service.EmpService [http-nio-9090-exec-4] findById executed
2021-11-09 13:46:49,508 TRACE com.ibcs.hr.api.EmpApi [http-nio-9090-exec-5] getAll executed from api
2021-11-09 13:50:36,127 TRACE com.ibcs.hr.api.EmpApi [http-nio-9090-exec-7] getAll executed from api
2021-11-09 14:16:34,080 TRACE com.ibcs.hr.api.EmpApi [http-nio-9090-exec-10] getAll executed from api
2021-11-09 14:16:45,265 TRACE com.ibcs.hr.api.EmpApi [http-nio-9090-exec-9] getAll executed from api
2021-11-09 14:18:46,262 TRACE com.ibcs.hr.api.EmpApi [http-nio-9090-exec-2] getAll executed from api
2021-11-09 14:18:51,792 TRACE com.ibcs.hr.api.EmpApi [http-nio-9090-exec-3] getAll executed from api
2021-11-09 14:40:08,743 TRACE com.ibcs.hr.api.EmpApi [http-nio-9090-exec-5] getAll executed from api
2021-11-09 14:40:30,705 TRACE com.ibcs.hr.api.DeptApi [http-nio-9090-exec-6]  getAll executed from dept Api
2021-11-09 14:47:34,177 INFO com.ibcs.hr.HrApplication [restartedMain] Starting HrApplication using Java 11.0.11 on ibcsdev17 with PID 9188 (D:\project\IBCS\IBCS-TNL\hr\target\classes started by Intern in D:\project\IBCS\IBCS-TNL\hr)
2021-11-09 14:47:34,183 DEBUG com.ibcs.hr.HrApplication [restartedMain] Running with Spring Boot v2.5.5, Spring v5.3.10
2021-11-09 14:47:34,183 INFO com.ibcs.hr.HrApplication [restartedMain] No active profile set, falling back to default profiles: default
2021-11-09 14:47:47,302 INFO com.ibcs.hr.HrApplication [restartedMain] Started HrApplication in 14.613 seconds (JVM running for 29.872)
2021-11-09 15:02:55,635 INFO com.ibcs.hr.HrApplication [restartedMain] Starting HrApplication using Java 11.0.11 on ibcsdev17 with PID 16360 (D:\project\IBCS\IBCS-TNL\hr\target\classes started by Intern in D:\project\IBCS\IBCS-TNL\hr)
2021-11-09 15:02:55,637 DEBUG com.ibcs.hr.HrApplication [restartedMain] Running with Spring Boot v2.5.5, Spring v5.3.10
2021-11-09 15:02:55,638 INFO com.ibcs.hr.HrApplication [restartedMain] No active profile set, falling back to default profiles: default
2021-11-09 15:03:06,471 INFO com.ibcs.hr.HrApplication [restartedMain] Started HrApplication in 11.973 seconds (JVM running for 16.117)
2021-11-09 17:02:50,484 TRACE com.ibcs.hr.api.EmpApi [http-nio-9090-exec-2] getAll executed from api
2021-11-09 17:02:50,484 TRACE com.ibcs.hr.api.DeptApi [http-nio-9090-exec-1]  getAll executed from dept Api
