2021-11-07 15:43:50,011 INFO com.ibcs.hr.HrApplication [restartedMain] Started HrApplication in 14.016 seconds (JVM running for 18.308)
2021-11-07 15:55:31,269 INFO com.ibcs.hr.HrApplication [restartedMain] Starting HrApplication using Java 11.0.11 on ibcsdev17 with PID 14492 (D:\project\IBCS\IBCS-TNL\hr\target\classes started by Intern in D:\project\IBCS\IBCS-TNL\hr)
2021-11-07 15:55:31,273 DEBUG com.ibcs.hr.HrApplication [restartedMain] Running with Spring Boot v2.5.5, Spring v5.3.10
2021-11-07 15:55:31,274 INFO com.ibcs.hr.HrApplication [restartedMain] No active profile set, falling back to default profiles: default
2021-11-07 15:55:40,797 INFO com.ibcs.hr.HrApplication [restartedMain] Started HrApplication in 10.529 seconds (JVM running for 13.59)
2021-11-07 16:19:00,630 INFO com.ibcs.hr.HrApplicationTests [main] Starting HrApplicationTests using Java 11.0.11 on ibcsdev17 with PID 12664 (started by Intern in D:\project\IBCS\IBCS-TNL\hr)
2021-11-07 16:19:00,637 DEBUG com.ibcs.hr.HrApplicationTests [main] Running with Spring Boot v2.5.5, Spring v5.3.10
2021-11-07 16:19:00,642 INFO com.ibcs.hr.HrApplicationTests [main] No active profile set, falling back to default profiles: default
2021-11-07 16:19:17,228 INFO com.ibcs.hr.HrApplication [restartedMain] Starting HrApplication using Java 11.0.11 on ibcsdev17 with PID 14492 (D:\project\IBCS\IBCS-TNL\hr\target\classes started by Intern in D:\project\IBCS\IBCS-TNL\hr)
2021-11-07 16:19:17,228 DEBUG com.ibcs.hr.HrApplication [restartedMain] Running with Spring Boot v2.5.5, Spring v5.3.10
2021-11-07 16:19:17,228 INFO com.ibcs.hr.HrApplication [restartedMain] No active profile set, falling back to default profiles: default
2021-11-07 16:19:27,839 INFO com.ibcs.hr.HrApplication [restartedMain] Started HrApplication in 12.357 seconds (JVM running for 1440.663)
2021-11-07 16:19:35,829 INFO com.ibcs.hr.HrApplicationTests [main] Started HrApplicationTests in 38.147 seconds (JVM running for 47.57)
2021-11-07 16:26:45,883 INFO com.ibcs.hr.HrApplication [restartedMain] Starting HrApplication using Java 11.0.11 on ibcsdev17 with PID 16120 (D:\project\IBCS\IBCS-TNL\hr\target\classes started by Intern in D:\project\IBCS\IBCS-TNL\hr)
2021-11-07 16:26:45,887 DEBUG com.ibcs.hr.HrApplication [restartedMain] Running with Spring Boot v2.5.5, Spring v5.3.10
2021-11-07 16:26:45,887 INFO com.ibcs.hr.HrApplication [restartedMain] No active profile set, falling back to default profiles: default
2021-11-07 16:26:53,268 INFO com.ibcs.hr.HrApplication [restartedMain] Started HrApplication in 8.146 seconds (JVM running for 11.472)
2021-11-07 16:38:05,264 INFO com.ibcs.hr.HrApplication [restartedMain] Starting HrApplication using Java 11.0.11 on ibcsdev17 with PID 1404 (D:\project\IBCS\IBCS-TNL\hr\target\classes started by Intern in D:\project\IBCS\IBCS-TNL\hr)
2021-11-07 16:38:05,286 DEBUG com.ibcs.hr.HrApplication [restartedMain] Running with Spring Boot v2.5.5, Spring v5.3.10
2021-11-07 16:38:05,287 INFO com.ibcs.hr.HrApplication [restartedMain] No active profile set, falling back to default profiles: default
2021-11-07 16:38:35,672 INFO com.ibcs.hr.HrApplication [restartedMain] Started HrApplication in 32.174 seconds (JVM running for 35.314)
2021-11-07 16:44:51,997 INFO com.ibcs.hr.HrApplication [restartedMain] Starting HrApplication using Java 11.0.11 on ibcsdev17 with PID 11836 (D:\project\IBCS\IBCS-TNL\hr\target\classes started by Intern in D:\project\IBCS\IBCS-TNL\hr)
2021-11-07 16:44:52,002 DEBUG com.ibcs.hr.HrApplication [restartedMain] Running with Spring Boot v2.5.5, Spring v5.3.10
2021-11-07 16:44:52,003 INFO com.ibcs.hr.HrApplication [restartedMain] No active profile set, falling back to default profiles: default
2021-11-07 16:45:02,127 INFO com.ibcs.hr.HrApplication [restartedMain] Started HrApplication in 11.794 seconds (JVM running for 18.291)
2021-11-07 16:55:03,375 INFO com.ibcs.hr.HrApplication [restartedMain] Starting HrApplication using Java 11.0.11 on ibcsdev17 with PID 8656 (D:\project\IBCS\IBCS-TNL\hr\target\classes started by Intern in D:\project\IBCS\IBCS-TNL\hr)
2021-11-07 16:55:03,377 DEBUG com.ibcs.hr.HrApplication [restartedMain] Running with Spring Boot v2.5.5, Spring v5.3.10
2021-11-07 16:55:03,377 INFO com.ibcs.hr.HrApplication [restartedMain] No active profile set, falling back to default profiles: default
2021-11-07 16:55:12,069 INFO com.ibcs.hr.HrApplication [restartedMain] Started HrApplication in 9.383 seconds (JVM running for 11.86)
2021-11-07 18:33:19,198 INFO com.ibcs.hr.HrApplication [restartedMain] Starting HrApplication using Java 11.0.11 on ibcsdev17 with PID 2748 (D:\project\IBCS\IBCS-TNL\hr\target\classes started by Intern in D:\project\IBCS\IBCS-TNL\hr)
2021-11-07 18:33:19,202 DEBUG com.ibcs.hr.HrApplication [restartedMain] Running with Spring Boot v2.5.5, Spring v5.3.10
2021-11-07 18:33:19,204 INFO com.ibcs.hr.HrApplication [restartedMain] No active profile set, falling back to default profiles: default
2021-11-07 18:33:36,796 INFO com.ibcs.hr.HrApplication [restartedMain] Started HrApplication in 18.749 seconds (JVM running for 24.099)
