2021-11-08 14:20:29,214 INFO com.ibcs.hr.HrApplication [restartedMain] Started HrApplication in 9.924 seconds (JVM running for 13.109)
2021-11-08 15:01:57,198 INFO com.ibcs.hr.HrApplication [restartedMain] Starting HrApplication using Java 11.0.11 on ibcsdev17 with PID 15016 (D:\project\IBCS\IBCS-TNL\hr\target\classes started by Intern in D:\project\IBCS\IBCS-TNL\hr)
2021-11-08 15:01:57,214 DEBUG com.ibcs.hr.HrApplication [restartedMain] Running with Spring Boot v2.5.5, Spring v5.3.10
2021-11-08 15:01:57,215 INFO com.ibcs.hr.HrApplication [restartedMain] No active profile set, falling back to default profiles: default
2021-11-08 15:02:13,357 INFO com.ibcs.hr.HrApplication [restartedMain] Started HrApplication in 18.115 seconds (JVM running for 25.991)
2021-11-08 15:23:49,728 INFO com.ibcs.hr.HrApplication [restartedMain] Starting HrApplication using Java 11.0.11 on ibcsdev17 with PID 16916 (D:\project\IBCS\IBCS-TNL\hr\target\classes started by Intern in D:\project\IBCS\IBCS-TNL\hr)
2021-11-08 15:23:49,732 DEBUG com.ibcs.hr.HrApplication [restartedMain] Running with Spring Boot v2.5.5, Spring v5.3.10
2021-11-08 15:23:49,732 INFO com.ibcs.hr.HrApplication [restartedMain] No active profile set, falling back to default profiles: default
2021-11-08 15:24:05,607 INFO com.ibcs.hr.HrApplication [restartedMain] Started HrApplication in 17.029 seconds (JVM running for 21.741)
2021-11-08 15:27:37,598 INFO com.ibcs.hr.HrApplication [restartedMain] Starting HrApplication using Java 11.0.11 on ibcsdev17 with PID 12780 (D:\project\IBCS\IBCS-TNL\hr\target\classes started by Intern in D:\project\IBCS\IBCS-TNL\hr)
2021-11-08 15:27:37,602 DEBUG com.ibcs.hr.HrApplication [restartedMain] Running with Spring Boot v2.5.5, Spring v5.3.10
2021-11-08 15:27:37,602 INFO com.ibcs.hr.HrApplication [restartedMain] No active profile set, falling back to default profiles: default
2021-11-08 15:27:46,267 INFO com.ibcs.hr.HrApplication [restartedMain] Started HrApplication in 9.333 seconds (JVM running for 12.244)
2021-11-08 16:55:30,551 TRACE com.ibcs.hr.api.EmpApi [http-nio-9090-exec-6] getAll executed from api
2021-11-08 16:57:56,006 TRACE com.ibcs.hr.api.EmpApi [http-nio-9090-exec-8] getAll executed from api
2021-11-08 17:17:19,330 TRACE com.ibcs.hr.api.EmpApi [http-nio-9090-exec-10] getOne executed from api
2021-11-08 17:17:19,339 TRACE com.ibcs.hr.service.EmpService [http-nio-9090-exec-10] findById executed
2021-11-08 17:17:29,047 TRACE com.ibcs.hr.api.EmpApi [http-nio-9090-exec-1] getAll executed from api
2021-11-08 17:17:32,312 TRACE com.ibcs.hr.api.EmpApi [http-nio-9090-exec-2] getOne executed from api
2021-11-08 17:17:32,313 TRACE com.ibcs.hr.service.EmpService [http-nio-9090-exec-2] findById executed
2021-11-08 17:17:43,123 TRACE com.ibcs.hr.api.EmpApi [http-nio-9090-exec-3] getOne executed from api
2021-11-08 17:17:43,123 TRACE com.ibcs.hr.service.EmpService [http-nio-9090-exec-3] findById executed
2021-11-08 17:17:46,067 TRACE com.ibcs.hr.api.EmpApi [http-nio-9090-exec-4] getAll executed from api
2021-11-08 17:17:47,680 TRACE com.ibcs.hr.api.EmpApi [http-nio-9090-exec-5] getOne executed from api
2021-11-08 17:17:47,681 TRACE com.ibcs.hr.service.EmpService [http-nio-9090-exec-5] findById executed
2021-11-08 17:17:49,813 TRACE com.ibcs.hr.api.EmpApi [http-nio-9090-exec-6] getAll executed from api
2021-11-08 17:17:51,306 TRACE com.ibcs.hr.api.EmpApi [http-nio-9090-exec-7] getOne executed from api
2021-11-08 17:17:51,307 TRACE com.ibcs.hr.service.EmpService [http-nio-9090-exec-7] findById executed
2021-11-08 17:17:53,685 TRACE com.ibcs.hr.api.EmpApi [http-nio-9090-exec-8] getAll executed from api
2021-11-08 17:19:30,655 TRACE com.ibcs.hr.api.EmpApi [http-nio-9090-exec-10] getAll executed from api
2021-11-08 17:19:46,895 TRACE com.ibcs.hr.api.EmpApi [http-nio-9090-exec-1] getAll executed from api
2021-11-08 17:19:47,707 TRACE com.ibcs.hr.api.EmpApi [http-nio-9090-exec-2] getAll executed from api
2021-11-08 17:19:52,657 TRACE com.ibcs.hr.api.EmpApi [http-nio-9090-exec-3] getAll executed from api
2021-11-08 17:20:03,666 TRACE com.ibcs.hr.api.EmpApi [http-nio-9090-exec-4] getAll executed from api
2021-11-08 17:20:04,652 TRACE com.ibcs.hr.api.EmpApi [http-nio-9090-exec-5] getAll executed from api
2021-11-08 17:20:06,683 TRACE com.ibcs.hr.api.EmpApi [http-nio-9090-exec-6] getAll executed from api
2021-11-08 17:20:10,658 TRACE com.ibcs.hr.api.EmpApi [http-nio-9090-exec-7] getAll executed from api
2021-11-08 17:20:18,816 TRACE com.ibcs.hr.api.EmpApi [http-nio-9090-exec-8] getAll executed from api
2021-11-08 17:20:26,690 TRACE com.ibcs.hr.api.EmpApi [http-nio-9090-exec-9] getAll executed from api
2021-11-08 17:20:28,695 TRACE com.ibcs.hr.api.EmpApi [http-nio-9090-exec-10] getAll executed from api
2021-11-08 17:20:32,650 TRACE com.ibcs.hr.api.EmpApi [http-nio-9090-exec-1] getAll executed from api
2021-11-08 17:20:38,692 TRACE com.ibcs.hr.api.EmpApi [http-nio-9090-exec-2] getAll executed from api
2021-11-08 17:21:26,640 TRACE com.ibcs.hr.api.DeptApi [http-nio-9090-exec-3]  getAll executed from dept Api
2021-11-08 17:26:58,146 TRACE com.ibcs.hr.api.EmpApi [http-nio-9090-exec-5] getAll executed from api
