2021-11-08 09:32:44,426 INFO com.ibcs.hr.HrApplication [restartedMain] Starting HrApplication using Java 11.0.11 on ibcsdev17 with PID 7912 (D:\project\IBCS\IBCS-TNL\hr\target\classes started by Intern in D:\project\IBCS\IBCS-TNL\hr)
2021-11-08 09:32:44,489 DEBUG com.ibcs.hr.HrApplication [restartedMain] Running with Spring Boot v2.5.5, Spring v5.3.10
2021-11-08 09:32:44,490 INFO com.ibcs.hr.HrApplication [restartedMain] No active profile set, falling back to default profiles: default
2021-11-08 09:32:57,566 INFO com.ibcs.hr.HrApplication [restartedMain] Started HrApplication in 15.019 seconds (JVM running for 21.058)
2021-11-08 09:37:44,741 TRACE com.ibcs.hr.api.EmpApi [http-nio-9090-exec-2] getAll executed from api
2021-11-08 09:37:49,878 TRACE com.ibcs.hr.api.EmpApi [http-nio-9090-exec-3] getOne executed from api
2021-11-08 09:37:49,879 TRACE com.ibcs.hr.service.EmpService [http-nio-9090-exec-3] findById executed
2021-11-08 09:37:54,117 TRACE com.ibcs.hr.api.EmpApi [http-nio-9090-exec-4] getAll executed from api
2021-11-08 09:47:06,337 TRACE com.ibcs.hr.api.EmpApi [http-nio-9090-exec-8] getOne executed from api
2021-11-08 09:47:06,337 TRACE com.ibcs.hr.service.EmpService [http-nio-9090-exec-8] findById executed
2021-11-08 09:47:06,340 TRACE com.ibcs.hr.service.EmpService [http-nio-9090-exec-8] id not found
2021-11-08 09:48:06,774 TRACE com.ibcs.hr.api.EmpApi [http-nio-9090-exec-10] getAll executed from api
2021-11-08 09:48:09,067 TRACE com.ibcs.hr.api.EmpApi [http-nio-9090-exec-1] getOne executed from api
2021-11-08 09:48:09,067 TRACE com.ibcs.hr.service.EmpService [http-nio-9090-exec-1] findById executed
2021-11-08 09:48:20,176 TRACE com.ibcs.hr.api.EmpApi [http-nio-9090-exec-2] updateEmp executed from api
2021-11-08 09:48:20,176 TRACE com.ibcs.hr.service.EmpService [http-nio-9090-exec-2]  updated executed from service
2021-11-08 09:48:20,364 TRACE com.ibcs.hr.api.EmpApi [http-nio-9090-exec-3] getAll executed from api
2021-11-08 09:48:31,370 TRACE com.ibcs.hr.api.EmpApi [http-nio-9090-exec-4] delteEmp executed from api
2021-11-08 09:48:31,370 TRACE com.ibcs.hr.service.EmpService [http-nio-9090-exec-4]  deleteById executed from service
2021-11-08 10:37:07,414 TRACE com.ibcs.hr.api.EmpApi [http-nio-9090-exec-7] getAll executed from api
2021-11-08 10:37:17,322 TRACE com.ibcs.hr.api.EmpApi [http-nio-9090-exec-8] delteEmp executed from api
2021-11-08 10:37:17,322 TRACE com.ibcs.hr.service.EmpService [http-nio-9090-exec-8]  deleteById executed from service
2021-11-08 12:27:42,720 TRACE com.ibcs.hr.api.EmpApi [http-nio-9090-exec-10] getAll executed from api
2021-11-08 12:27:46,681 TRACE com.ibcs.hr.api.EmpApi [http-nio-9090-exec-1] getAll executed from api
2021-11-08 12:43:05,876 INFO com.ibcs.hr.HrApplication [restartedMain] Starting HrApplication using Java 11.0.11 on ibcsdev17 with PID 7096 (D:\project\IBCS\IBCS-TNL\hr\target\classes started by Intern in D:\project\IBCS\IBCS-TNL\hr)
2021-11-08 12:43:06,090 DEBUG com.ibcs.hr.HrApplication [restartedMain] Running with Spring Boot v2.5.5, Spring v5.3.10
2021-11-08 12:43:06,091 INFO com.ibcs.hr.HrApplication [restartedMain] No active profile set, falling back to default profiles: default
2021-11-08 12:43:38,448 INFO com.ibcs.hr.HrApplication [restartedMain] Started HrApplication in 35.762 seconds (JVM running for 48.046)
2021-11-08 13:01:24,086 INFO com.ibcs.hr.HrApplication [restartedMain] Starting HrApplication using Java 11.0.11 on ibcsdev17 with PID 18272 (D:\project\IBCS\IBCS-TNL\hr\target\classes started by Intern in D:\project\IBCS\IBCS-TNL\hr)
2021-11-08 13:01:24,088 DEBUG com.ibcs.hr.HrApplication [restartedMain] Running with Spring Boot v2.5.5, Spring v5.3.10
2021-11-08 13:01:24,088 INFO com.ibcs.hr.HrApplication [restartedMain] No active profile set, falling back to default profiles: default
2021-11-08 13:01:34,711 INFO com.ibcs.hr.HrApplication [restartedMain] Started HrApplication in 11.567 seconds (JVM running for 15.993)
2021-11-08 14:07:14,799 INFO com.ibcs.hr.HrApplication [restartedMain] Starting HrApplication using Java 11.0.11 on ibcsdev17 with PID 8 (D:\project\IBCS\IBCS-TNL\hr\target\classes started by Intern in D:\project\IBCS\IBCS-TNL\hr)
2021-11-08 14:07:14,814 DEBUG com.ibcs.hr.HrApplication [restartedMain] Running with Spring Boot v2.5.5, Spring v5.3.10
2021-11-08 14:07:14,815 INFO com.ibcs.hr.HrApplication [restartedMain] No active profile set, falling back to default profiles: default
2021-11-08 14:07:35,401 INFO com.ibcs.hr.HrApplication [restartedMain] Started HrApplication in 25.952 seconds (JVM running for 33.184)
2021-11-08 14:14:50,958 INFO com.ibcs.hr.HrApplication [restartedMain] Starting HrApplication using Java 11.0.11 on ibcsdev17 with PID 10416 (D:\project\IBCS\IBCS-TNL\hr\target\classes started by Intern in D:\project\IBCS\IBCS-TNL\hr)
2021-11-08 14:14:50,960 DEBUG com.ibcs.hr.HrApplication [restartedMain] Running with Spring Boot v2.5.5, Spring v5.3.10
2021-11-08 14:14:50,961 INFO com.ibcs.hr.HrApplication [restartedMain] No active profile set, falling back to default profiles: default
2021-11-08 14:15:01,576 INFO com.ibcs.hr.HrApplication [restartedMain] Started HrApplication in 11.666 seconds (JVM running for 14.68)
2021-11-08 14:20:20,044 INFO com.ibcs.hr.HrApplication [restartedMain] Starting HrApplication using Java 11.0.11 on ibcsdev17 with PID 7668 (D:\project\IBCS\IBCS-TNL\hr\target\classes started by Intern in D:\project\IBCS\IBCS-TNL\hr)
2021-11-08 14:20:20,047 DEBUG com.ibcs.hr.HrApplication [restartedMain] Running with Spring Boot v2.5.5, Spring v5.3.10
2021-11-08 14:20:20,048 INFO com.ibcs.hr.HrApplication [restartedMain] No active profile set, falling back to default profiles: default
